c:\users\wyatt\source\repos\qtguiapplication1\qtguiapplication1\x64\release\main.obj
c:\users\wyatt\source\repos\qtguiapplication1\qtguiapplication1\x64\release\qrc_qtguiapplication1.obj
c:\users\wyatt\source\repos\qtguiapplication1\qtguiapplication1\x64\release\imagewizard.obj
c:\users\wyatt\source\repos\qtguiapplication1\qtguiapplication1\x64\release\moc_qtguiapplication1.obj
c:\users\wyatt\source\repos\qtguiapplication1\qtguiapplication1\x64\release\qtguiapplication1.obj
c:\users\wyatt\source\repos\qtguiapplication1\qtguiapplication1\x64\release\vc141.pdb
c:\users\wyatt\source\repos\qtguiapplication1\qtguiapplication1\.\generatedfiles\release\moc_qtguiapplication1.cpp
c:\users\wyatt\source\repos\qtguiapplication1\qtguiapplication1\generatedfiles\ui_qtguiapplication1.h
c:\users\wyatt\source\repos\qtguiapplication1\qtguiapplication1\generatedfiles\qrc_qtguiapplication1.cpp
c:\users\wyatt\source\repos\qtguiapplication1\qtguiapplication1\generatedfiles\release\moc_qtguiapplication1.cpp
c:\users\wyatt\source\repos\qtguiapplication1\qtguiapplication1\.\generatedfiles\qrc_qtguiapplication1.cpp
c:\users\wyatt\source\repos\qtguiapplication1\qtguiapplication1\.\generatedfiles\ui_qtguiapplication1.h
c:\users\wyatt\source\repos\qtguiapplication1\x64\release\qtguiapplication1.pdb
c:\users\wyatt\source\repos\qtguiapplication1\qtguiapplication1\x64\release\qtguiapp.b12702ad.tlog\cl.10316.write.1.tlog
c:\users\wyatt\source\repos\qtguiapplication1\qtguiapplication1\x64\release\qtguiapp.b12702ad.tlog\cl.command.1.tlog
c:\users\wyatt\source\repos\qtguiapplication1\qtguiapplication1\x64\release\qtguiapp.b12702ad.tlog\cl.read.1.tlog
c:\users\wyatt\source\repos\qtguiapplication1\qtguiapplication1\x64\release\qtguiapp.b12702ad.tlog\link-cvtres.read.1.tlog
c:\users\wyatt\source\repos\qtguiapplication1\qtguiapplication1\x64\release\qtguiapp.b12702ad.tlog\link-cvtres.write.1.tlog
c:\users\wyatt\source\repos\qtguiapplication1\qtguiapplication1\x64\release\qtguiapp.b12702ad.tlog\link-rc.read.1.tlog
c:\users\wyatt\source\repos\qtguiapplication1\qtguiapplication1\x64\release\qtguiapp.b12702ad.tlog\link-rc.write.1.tlog
c:\users\wyatt\source\repos\qtguiapplication1\qtguiapplication1\x64\release\qtguiapp.b12702ad.tlog\link.command.1.tlog
c:\users\wyatt\source\repos\qtguiapplication1\qtguiapplication1\x64\release\qtguiapp.b12702ad.tlog\link.read.1.tlog
c:\users\wyatt\source\repos\qtguiapplication1\qtguiapplication1\x64\release\qtguiapp.b12702ad.tlog\link.write.1.tlog
c:\users\wyatt\source\repos\qtguiapplication1\qtguiapplication1\x64\release\qtguiapp.b12702ad.tlog\moc.read.1u.tlog
c:\users\wyatt\source\repos\qtguiapplication1\qtguiapplication1\x64\release\qtguiapp.b12702ad.tlog\moc.write.1u.tlog
c:\users\wyatt\source\repos\qtguiapplication1\qtguiapplication1\x64\release\qtguiapp.b12702ad.tlog\qtguiapplication1.write.1u.tlog
c:\users\wyatt\source\repos\qtguiapplication1\qtguiapplication1\x64\release\qtguiapp.b12702ad.tlog\rcc.read.1u.tlog
c:\users\wyatt\source\repos\qtguiapplication1\qtguiapplication1\x64\release\qtguiapp.b12702ad.tlog\rcc.write.1u.tlog
c:\users\wyatt\source\repos\qtguiapplication1\qtguiapplication1\x64\release\qtguiapp.b12702ad.tlog\uic.read.1u.tlog
c:\users\wyatt\source\repos\qtguiapplication1\qtguiapplication1\x64\release\qtguiapp.b12702ad.tlog\uic.write.1u.tlog
